<?xml version="1.0" encoding="UTF-8" standalone="no"?>
<testsuite failures="0" name="cucumber.runtime.formatter.JUnitFormatter" skipped="0" tests="2" time="0.028141">
<testcase classname="Test Background Feature" name="Search a product and add the first product to the User basket" time="0.02091">
<system-out><![CDATA[Given I navigate to the login page..........................................passed
When I submit username and password.........................................passed
Then I should be logged in..................................................passed
Given User search for Lenovo Laptop.........................................passed
When Add the first laptop that appears in the search result to the basket...passed
Then User basket should display with added item.............................passed
]]></system-out>
</testcase>
<testcase classname="Test Background Feature" name="Navigate to a product and add the same to the User basket" time="0.007231">
<system-out><![CDATA[Given I navigate to the login page..........................................passed
When I submit username and password.........................................passed
Then I should be logged in..................................................passed
Given User navigate for Lenovo Laptop.......................................passed
When Add the laptop to the basket...........................................passed
Then User basket should display with added item.............................passed
]]></system-out>
</testcase>
</testsuite>
